baselineprofile/build/intermediates/manifest_merge_blame_file/benchmarkRelease/processBenchmarkReleaseManifest/manifest-merger-blame-benchmarkRelease-report.txt
1<?xml version="1.0" encoding="utf-8"?>
2<manifest xmlns:android="http://schemas.android.com/apk/res/android"
3    package="com.example.tapsyncwatch.baselineprofile" >
4
5    <uses-sdk
5-->manifest\benchmarkRelease\tempFile2ProcessTestManifest17217285933456652253.xml:5:5-7:41
6        android:minSdkVersion="30"
6-->manifest\benchmarkRelease\tempFile2ProcessTestManifest17217285933456652253.xml:6:9-35
7        android:targetSdkVersion="34" />
7-->manifest\benchmarkRelease\tempFile2ProcessTestManifest17217285933456652253.xml:7:9-38
8
9    <instrumentation
9-->manifest\benchmarkRelease\tempFile2ProcessTestManifest17217285933456652253.xml:9:5-14:76
10        android:name="androidx.test.runner.AndroidJUnitRunner"
10-->manifest\benchmarkRelease\tempFile2ProcessTestManifest17217285933456652253.xml:10:9-63
11        android:functionalTest="false"
11-->manifest\benchmarkRelease\tempFile2ProcessTestManifest17217285933456652253.xml:11:9-39
12        android:handleProfiling="false"
12-->manifest\benchmarkRelease\tempFile2ProcessTestManifest17217285933456652253.xml:12:9-40
13        android:label="Tests for com.example.tapsyncwatch.baselineprofile"
13-->manifest\benchmarkRelease\tempFile2ProcessTestManifest17217285933456652253.xml:13:9-75
14        android:targetPackage="com.example.tapsyncwatch.baselineprofile" />
14-->manifest\benchmarkRelease\tempFile2ProcessTestManifest17217285933456652253.xml:14:9-73
15
16    <!--
17    This is needed to write benchmark report data to an external directory during instrumented
18    tests to allow the accompanying androidx.benchmark gradle plugin to pull the reports onto host
19     machine after the tests are done running.
20    -->
21    <uses-permission android:name="android.permission.WRITE_EXTERNAL_STORAGE" />
21-->[androidx.benchmark:benchmark-common:1.4.1] AndroidManifest.xml:27:5-81
21-->[androidx.benchmark:benchmark-common:1.4.1] AndroidManifest.xml:27:22-78
22    <uses-permission android:name="android.permission.READ_EXTERNAL_STORAGE" />
23    <uses-permission android:name="android.permission.QUERY_ALL_PACKAGES" />
23-->[androidx.benchmark:benchmark-macro:1.4.1] AndroidManifest.xml:23:5-25:53
23-->[androidx.benchmark:benchmark-macro:1.4.1] AndroidManifest.xml:24:9-61
24    <!--
25         Internet permission is required for perfetto trace shell processor http server but
26        it's used to reach localhost only
27    -->
28    <uses-permission android:name="android.permission.INTERNET" />
28-->[androidx.benchmark:benchmark-macro:1.4.1] AndroidManifest.xml:31:5-67
28-->[androidx.benchmark:benchmark-macro:1.4.1] AndroidManifest.xml:31:22-64
29
30    <queries>
30-->[androidx.test:runner:1.5.2] AndroidManifest.xml:24:5-28:15
31        <package android:name="androidx.test.orchestrator" />
31-->[androidx.test:runner:1.5.2] AndroidManifest.xml:25:9-62
31-->[androidx.test:runner:1.5.2] AndroidManifest.xml:25:18-59
32        <package android:name="androidx.test.services" />
32-->[androidx.test:runner:1.5.2] AndroidManifest.xml:26:9-58
32-->[androidx.test:runner:1.5.2] AndroidManifest.xml:26:18-55
33        <package android:name="com.google.android.apps.common.testing.services" />
33-->[androidx.test:runner:1.5.2] AndroidManifest.xml:27:9-83
33-->[androidx.test:runner:1.5.2] AndroidManifest.xml:27:18-80
34    </queries>
35
36    <uses-permission android:name="android.permission.REORDER_TASKS" />
36-->[androidx.test:core:1.7.0] AndroidManifest.xml:24:5-72
36-->[androidx.test:core:1.7.0] AndroidManifest.xml:24:22-69
37
38    <permission
38-->[androidx.core:core:1.9.0] AndroidManifest.xml:22:5-24:47
39        android:name="com.example.tapsyncwatch.baselineprofile.DYNAMIC_RECEIVER_NOT_EXPORTED_PERMISSION"
39-->[androidx.core:core:1.9.0] AndroidManifest.xml:23:9-81
40        android:protectionLevel="signature" />
40-->[androidx.core:core:1.9.0] AndroidManifest.xml:24:9-44
41
42    <uses-permission android:name="com.example.tapsyncwatch.baselineprofile.DYNAMIC_RECEIVER_NOT_EXPORTED_PERMISSION" />
42-->[androidx.core:core:1.9.0] AndroidManifest.xml:26:5-97
42-->[androidx.core:core:1.9.0] AndroidManifest.xml:26:22-94
43
44    <application
44-->manifest\benchmarkRelease\tempFile2ProcessTestManifest17217285933456652253.xml:16:5-18:19
45        android:appComponentFactory="androidx.core.app.CoreComponentFactory"
45-->[androidx.core:core:1.9.0] AndroidManifest.xml:28:18-86
46        android:debuggable="true"
47        android:extractNativeLibs="false"
48        android:networkSecurityConfig="@xml/network_security_config" >
48-->[androidx.benchmark:benchmark-macro:1.4.1] AndroidManifest.xml:42:18-78
49        <uses-library android:name="android.test.runner" />
49-->manifest\benchmarkRelease\tempFile2ProcessTestManifest17217285933456652253.xml:17:9-60
49-->manifest\benchmarkRelease\tempFile2ProcessTestManifest17217285933456652253.xml:17:23-57
50        <!-- Activity used to block background content while benchmarks are running -->
51        <activity
51-->[androidx.benchmark:benchmark-common:1.4.1] AndroidManifest.xml:32:9-36:20
52            android:name="androidx.benchmark.IsolationActivity"
52-->[androidx.benchmark:benchmark-common:1.4.1] AndroidManifest.xml:33:13-64
53            android:exported="true"
53-->[androidx.benchmark:benchmark-common:1.4.1] AndroidManifest.xml:34:13-36
54            android:theme="@android:style/Theme.Light.NoTitleBar.Fullscreen" >
54-->[androidx.benchmark:benchmark-common:1.4.1] AndroidManifest.xml:35:13-77
55        </activity> <!-- For optional XrExtensions usage in GestureController -->
56        <uses-library
56-->[androidx.test.uiautomator:uiautomator:2.4.0-beta01] AndroidManifest.xml:25:9-27:40
57            android:name="com.android.extensions.xr"
57-->[androidx.test.uiautomator:uiautomator:2.4.0-beta01] AndroidManifest.xml:26:13-53
58            android:required="false" />
58-->[androidx.test.uiautomator:uiautomator:2.4.0-beta01] AndroidManifest.xml:27:13-37
59
60        <activity
60-->[androidx.test:core:1.7.0] AndroidManifest.xml:27:9-34:20
61            android:name="androidx.test.core.app.InstrumentationActivityInvoker$BootstrapActivity"
61-->[androidx.test:core:1.7.0] AndroidManifest.xml:28:13-99
62            android:exported="true"
62-->[androidx.test:core:1.7.0] AndroidManifest.xml:29:13-36
63            android:theme="@style/WhiteBackgroundTheme" >
63-->[androidx.test:core:1.7.0] AndroidManifest.xml:30:13-56
64            <intent-filter android:priority="-100" >
64-->[androidx.test:core:1.7.0] AndroidManifest.xml:31:13-33:29
64-->[androidx.test:core:1.7.0] AndroidManifest.xml:31:28-51
65                <category android:name="android.intent.category.LAUNCHER" />
65-->[androidx.test:core:1.7.0] AndroidManifest.xml:32:17-77
65-->[androidx.test:core:1.7.0] AndroidManifest.xml:32:27-74
66            </intent-filter>
67        </activity>
68        <activity
68-->[androidx.test:core:1.7.0] AndroidManifest.xml:35:9-42:20
69            android:name="androidx.test.core.app.InstrumentationActivityInvoker$EmptyActivity"
69-->[androidx.test:core:1.7.0] AndroidManifest.xml:36:13-95
70            android:exported="true"
70-->[androidx.test:core:1.7.0] AndroidManifest.xml:37:13-36
71            android:theme="@style/WhiteBackgroundTheme" >
71-->[androidx.test:core:1.7.0] AndroidManifest.xml:38:13-56
72            <intent-filter android:priority="-100" >
72-->[androidx.test:core:1.7.0] AndroidManifest.xml:31:13-33:29
72-->[androidx.test:core:1.7.0] AndroidManifest.xml:31:28-51
73                <category android:name="android.intent.category.LAUNCHER" />
73-->[androidx.test:core:1.7.0] AndroidManifest.xml:32:17-77
73-->[androidx.test:core:1.7.0] AndroidManifest.xml:32:27-74
74            </intent-filter>
75        </activity>
76        <activity
76-->[androidx.test:core:1.7.0] AndroidManifest.xml:43:9-50:20
77            android:name="androidx.test.core.app.InstrumentationActivityInvoker$EmptyFloatingActivity"
77-->[androidx.test:core:1.7.0] AndroidManifest.xml:44:13-103
78            android:exported="true"
78-->[androidx.test:core:1.7.0] AndroidManifest.xml:45:13-36
79            android:theme="@style/WhiteBackgroundDialogTheme" >
79-->[androidx.test:core:1.7.0] AndroidManifest.xml:46:13-62
80            <intent-filter android:priority="-100" >
80-->[androidx.test:core:1.7.0] AndroidManifest.xml:31:13-33:29
80-->[androidx.test:core:1.7.0] AndroidManifest.xml:31:28-51
81                <category android:name="android.intent.category.LAUNCHER" />
81-->[androidx.test:core:1.7.0] AndroidManifest.xml:32:17-77
81-->[androidx.test:core:1.7.0] AndroidManifest.xml:32:27-74
82            </intent-filter>
83        </activity>
84
85        <provider
85-->[androidx.profileinstaller:profileinstaller:1.4.1] AndroidManifest.xml:24:9-32:20
86            android:name="androidx.startup.InitializationProvider"
86-->[androidx.profileinstaller:profileinstaller:1.4.1] AndroidManifest.xml:25:13-67
87            android:authorities="com.example.tapsyncwatch.baselineprofile.androidx-startup"
87-->[androidx.profileinstaller:profileinstaller:1.4.1] AndroidManifest.xml:26:13-68
88            android:exported="false" >
88-->[androidx.profileinstaller:profileinstaller:1.4.1] AndroidManifest.xml:27:13-37
89            <meta-data
89-->[androidx.profileinstaller:profileinstaller:1.4.1] AndroidManifest.xml:29:13-31:52
90                android:name="androidx.profileinstaller.ProfileInstallerInitializer"
90-->[androidx.profileinstaller:profileinstaller:1.4.1] AndroidManifest.xml:30:17-85
91                android:value="androidx.startup" />
91-->[androidx.profileinstaller:profileinstaller:1.4.1] AndroidManifest.xml:31:17-49
92            <meta-data
92-->[androidx.tracing:tracing-perfetto:1.0.0] AndroidManifest.xml:44:13-46:52
93                android:name="androidx.tracing.perfetto.StartupTracingInitializer"
93-->[androidx.tracing:tracing-perfetto:1.0.0] AndroidManifest.xml:45:17-83
94                android:value="androidx.startup" />
94-->[androidx.tracing:tracing-perfetto:1.0.0] AndroidManifest.xml:46:17-49
95        </provider>
96
97        <receiver
97-->[androidx.profileinstaller:profileinstaller:1.4.1] AndroidManifest.xml:34:9-52:20
98            android:name="androidx.profileinstaller.ProfileInstallReceiver"
98-->[androidx.profileinstaller:profileinstaller:1.4.1] AndroidManifest.xml:35:13-76
99            android:directBootAware="false"
99-->[androidx.profileinstaller:profileinstaller:1.4.1] AndroidManifest.xml:36:13-44
100            android:enabled="true"
100-->[androidx.profileinstaller:profileinstaller:1.4.1] AndroidManifest.xml:37:13-35
101            android:exported="true"
101-->[androidx.profileinstaller:profileinstaller:1.4.1] AndroidManifest.xml:38:13-36
102            android:permission="android.permission.DUMP" >
102-->[androidx.profileinstaller:profileinstaller:1.4.1] AndroidManifest.xml:39:13-57
103            <intent-filter>
103-->[androidx.profileinstaller:profileinstaller:1.4.1] AndroidManifest.xml:40:13-42:29
104                <action android:name="androidx.profileinstaller.action.INSTALL_PROFILE" />
104-->[androidx.profileinstaller:profileinstaller:1.4.1] AndroidManifest.xml:41:17-91
104-->[androidx.profileinstaller:profileinstaller:1.4.1] AndroidManifest.xml:41:25-88
105            </intent-filter>
106            <intent-filter>
106-->[androidx.profileinstaller:profileinstaller:1.4.1] AndroidManifest.xml:43:13-45:29
107                <action android:name="androidx.profileinstaller.action.SKIP_FILE" />
107-->[androidx.profileinstaller:profileinstaller:1.4.1] AndroidManifest.xml:44:17-85
107-->[androidx.profileinstaller:profileinstaller:1.4.1] AndroidManifest.xml:44:25-82
108            </intent-filter>
109            <intent-filter>
109-->[androidx.profileinstaller:profileinstaller:1.4.1] AndroidManifest.xml:46:13-48:29
110                <action android:name="androidx.profileinstaller.action.SAVE_PROFILE" />
110-->[androidx.profileinstaller:profileinstaller:1.4.1] AndroidManifest.xml:47:17-88
110-->[androidx.profileinstaller:profileinstaller:1.4.1] AndroidManifest.xml:47:25-85
111            </intent-filter>
112            <intent-filter>
112-->[androidx.profileinstaller:profileinstaller:1.4.1] AndroidManifest.xml:49:13-51:29
113                <action android:name="androidx.profileinstaller.action.BENCHMARK_OPERATION" />
113-->[androidx.profileinstaller:profileinstaller:1.4.1] AndroidManifest.xml:50:17-95
113-->[androidx.profileinstaller:profileinstaller:1.4.1] AndroidManifest.xml:50:25-92
114            </intent-filter>
115        </receiver>
116        <receiver
116-->[androidx.tracing:tracing-perfetto:1.0.0] AndroidManifest.xml:24:9-37:20
117            android:name="androidx.tracing.perfetto.TracingReceiver"
117-->[androidx.tracing:tracing-perfetto:1.0.0] AndroidManifest.xml:25:13-69
118            android:directBootAware="false"
118-->[androidx.tracing:tracing-perfetto:1.0.0] AndroidManifest.xml:26:13-44
119            android:enabled="true"
119-->[androidx.tracing:tracing-perfetto:1.0.0] AndroidManifest.xml:27:13-35
120            android:exported="true"
120-->[androidx.tracing:tracing-perfetto:1.0.0] AndroidManifest.xml:28:13-36
121            android:permission="android.permission.DUMP" >
121-->[androidx.tracing:tracing-perfetto:1.0.0] AndroidManifest.xml:29:13-57
122
123            <!-- Note: DUMP above highly limits who can call the receiver; Shell has DUMP perm. -->
124            <intent-filter>
124-->[androidx.tracing:tracing-perfetto:1.0.0] AndroidManifest.xml:32:13-36:29
125                <action android:name="androidx.tracing.perfetto.action.ENABLE_TRACING" />
125-->[androidx.tracing:tracing-perfetto:1.0.0] AndroidManifest.xml:33:17-90
125-->[androidx.tracing:tracing-perfetto:1.0.0] AndroidManifest.xml:33:25-87
126                <action android:name="androidx.tracing.perfetto.action.ENABLE_TRACING_COLD_START" />
126-->[androidx.tracing:tracing-perfetto:1.0.0] AndroidManifest.xml:34:17-101
126-->[androidx.tracing:tracing-perfetto:1.0.0] AndroidManifest.xml:34:25-98
127                <action android:name="androidx.tracing.perfetto.action.DISABLE_TRACING_COLD_START" />
127-->[androidx.tracing:tracing-perfetto:1.0.0] AndroidManifest.xml:35:17-102
127-->[androidx.tracing:tracing-perfetto:1.0.0] AndroidManifest.xml:35:25-99
128            </intent-filter>
129        </receiver>
130        <receiver
130-->[androidx.tracing:tracing-perfetto:1.0.0] AndroidManifest.xml:49:9-55:20
131            android:name="androidx.tracing.perfetto.StartupTracingConfigStoreIsEnabledGate"
131-->[androidx.tracing:tracing-perfetto:1.0.0] AndroidManifest.xml:50:13-92
132            android:directBootAware="false"
132-->[androidx.tracing:tracing-perfetto:1.0.0] AndroidManifest.xml:51:13-44
133            android:enabled="false"
133-->[androidx.tracing:tracing-perfetto:1.0.0] AndroidManifest.xml:52:13-36
134            android:exported="false" >
134-->[androidx.tracing:tracing-perfetto:1.0.0] AndroidManifest.xml:53:13-37
135        </receiver>
136    </application>
137
138</manifest>